Traceback (most recent call last):
  File "/home/jyonouchi/.local/lib/python3.10/site-packages/jupyter_cache/executors/utils.py", line 58, in single_nb_execution
    executenb(
  File "/home/jyonouchi/.local/lib/python3.10/site-packages/nbclient/client.py", line 1305, in execute
    return NotebookClient(nb=nb, resources=resources, km=km, **kwargs).execute()
  File "/home/jyonouchi/.local/lib/python3.10/site-packages/jupyter_core/utils/__init__.py", line 166, in wrapped
    return loop.run_until_complete(inner)
  File "/usr/lib/python3.10/asyncio/base_events.py", line 646, in run_until_complete
    return future.result()
  File "/home/jyonouchi/.local/lib/python3.10/site-packages/nbclient/client.py", line 705, in async_execute
    await self.async_execute_cell(
  File "/home/jyonouchi/.local/lib/python3.10/site-packages/nbclient/client.py", line 1058, in async_execute_cell
    await self._check_raise_for_error(cell, cell_index, exec_reply)
  File "/home/jyonouchi/.local/lib/python3.10/site-packages/nbclient/client.py", line 914, in _check_raise_for_error
    raise CellExecutionError.from_cell_and_msg(cell, exec_reply_content)
nbclient.exceptions.CellExecutionError: An error occurred while executing the following cell:
------------------
import numpy as np
from matplotlib import pyplot as plt, cm
from mpl_toolkits.mplot3d import Axes3D
------------------


[0;31m---------------------------------------------------------------------------[0m
[0;31mKeyboardInterrupt[0m                         Traceback (most recent call last)
[0;32m/tmp/ipykernel_6550/2738783909.py[0m in [0;36m<module>[0;34m[0m
[1;32m      1[0m [0;32mimport[0m [0mnumpy[0m [0;32mas[0m [0mnp[0m[0;34m[0m[0;34m[0m[0m
[0;32m----> 2[0;31m [0;32mfrom[0m [0mmatplotlib[0m [0;32mimport[0m [0mpyplot[0m [0;32mas[0m [0mplt[0m[0;34m,[0m [0mcm[0m[0;34m[0m[0;34m[0m[0m
[0m[1;32m      3[0m [0;32mfrom[0m [0mmpl_toolkits[0m[0;34m.[0m[0mmplot3d[0m [0;32mimport[0m [0mAxes3D[0m[0;34m[0m[0;34m[0m[0m

[0;32m/usr/lib/python3/dist-packages/matplotlib/pyplot.py[0m in [0;36m<module>[0;34m[0m
[1;32m     55[0m [0;32mfrom[0m [0mmatplotlib[0m [0;32mimport[0m [0mdocstring[0m[0;34m[0m[0;34m[0m[0m
[1;32m     56[0m [0;32mfrom[0m [0mmatplotlib[0m[0;34m.[0m[0mbackend_bases[0m [0;32mimport[0m [0mFigureCanvasBase[0m[0;34m,[0m [0mMouseButton[0m[0;34m[0m[0;34m[0m[0m
[0;32m---> 57[0;31m [0;32mfrom[0m [0mmatplotlib[0m[0;34m.[0m[0mfigure[0m [0;32mimport[0m [0mFigure[0m[0;34m,[0m [0mfigaspect[0m[0;34m[0m[0;34m[0m[0m
[0m[1;32m     58[0m [0;32mfrom[0m [0mmatplotlib[0m[0;34m.[0m[0mgridspec[0m [0;32mimport[0m [0mGridSpec[0m[0;34m,[0m [0mSubplotSpec[0m[0;34m[0m[0;34m[0m[0m
[1;32m     59[0m [0;32mfrom[0m [0mmatplotlib[0m [0;32mimport[0m [0mrcParams[0m[0;34m,[0m [0mrcParamsDefault[0m[0;34m,[0m [0mget_backend[0m[0;34m,[0m [0mrcParamsOrig[0m[0;34m[0m[0;34m[0m[0m

[0;32m/usr/lib/python3/dist-packages/matplotlib/figure.py[0m in [0;36m<module>[0;34m[0m
[1;32m     23[0m [0;34m[0m[0m
[1;32m     24[0m [0;32mimport[0m [0mmatplotlib[0m [0;32mas[0m [0mmpl[0m[0;34m[0m[0;34m[0m[0m
[0;32m---> 25[0;31m [0;32mfrom[0m [0mmatplotlib[0m [0;32mimport[0m [0m_blocking_input[0m[0;34m,[0m [0mdocstring[0m[0;34m,[0m [0mprojections[0m[0;34m[0m[0;34m[0m[0m
[0m[1;32m     26[0m from matplotlib.artist import (
[1;32m     27[0m     Artist, allow_rasterization, _finalize_rasterization)

[0;32m/usr/lib/python3/dist-packages/matplotlib/projections/__init__.py[0m in [0;36m<module>[0;34m[0m
[1;32m     53[0m """
[1;32m     54[0m [0;34m[0m[0m
[0;32m---> 55[0;31m [0;32mfrom[0m [0;34m.[0m[0;34m.[0m [0;32mimport[0m [0maxes[0m[0;34m,[0m [0mdocstring[0m[0;34m[0m[0;34m[0m[0m
[0m[1;32m     56[0m [0;32mfrom[0m [0;34m.[0m[0mgeo[0m [0;32mimport[0m [0mAitoffAxes[0m[0;34m,[0m [0mHammerAxes[0m[0;34m,[0m [0mLambertAxes[0m[0;34m,[0m [0mMollweideAxes[0m[0;34m[0m[0;34m[0m[0m
[1;32m     57[0m [0;32mfrom[0m [0;34m.[0m[0mpolar[0m [0;32mimport[0m [0mPolarAxes[0m[0;34m[0m[0;34m[0m[0m

[0;32m/usr/lib/python3/dist-packages/matplotlib/axes/__init__.py[0m in [0;36m<module>[0;34m[0m
[0;32m----> 1[0;31m [0;32mfrom[0m [0;34m.[0m[0m_subplots[0m [0;32mimport[0m [0;34m*[0m[0;34m[0m[0;34m[0m[0m
[0m[1;32m      2[0m [0;32mfrom[0m [0;34m.[0m[0m_axes[0m [0;32mimport[0m [0;34m*[0m[0;34m[0m[0;34m[0m[0m

[0;32m/usr/lib/python3/dist-packages/matplotlib/axes/_subplots.py[0m in [0;36m<module>[0;34m[0m
[1;32m      1[0m [0;32mimport[0m [0mmatplotlib[0m [0;32mas[0m [0mmpl[0m[0;34m[0m[0;34m[0m[0m
[1;32m      2[0m [0;32mfrom[0m [0mmatplotlib[0m [0;32mimport[0m [0m_api[0m[0;34m,[0m [0mcbook[0m[0;34m[0m[0;34m[0m[0m
[0;32m----> 3[0;31m [0;32mfrom[0m [0mmatplotlib[0m[0;34m.[0m[0maxes[0m[0;34m.[0m[0m_axes[0m [0;32mimport[0m [0mAxes[0m[0;34m[0m[0;34m[0m[0m
[0m[1;32m      4[0m [0;32mfrom[0m [0mmatplotlib[0m[0;34m.[0m[0mgridspec[0m [0;32mimport[0m [0mGridSpec[0m[0;34m,[0m [0mSubplotSpec[0m[0;34m[0m[0;34m[0m[0m
[1;32m      5[0m [0;34m[0m[0m

[0;32m/usr/lib/python3/dist-packages/matplotlib/axes/_axes.py[0m in [0;36m<module>[0;34m[0m
[1;32m     45[0m [0;34m[0m[0m
[1;32m     46[0m [0;34m@[0m[0mdocstring[0m[0;34m.[0m[0minterpd[0m[0;34m[0m[0;34m[0m[0m
[0;32m---> 47[0;31m [0;32mclass[0m [0mAxes[0m[0;34m([0m[0m_AxesBase[0m[0;34m)[0m[0;34m:[0m[0;34m[0m[0;34m[0m[0m
[0m[1;32m     48[0m     """
[1;32m     49[0m     [0mThe[0m[0;31m [0m[0;31m`[0m[0mAxes[0m[0;31m`[0m [0mcontains[0m [0mmost[0m [0mof[0m [0mthe[0m [0mfigure[0m [0melements[0m[0;34m:[0m[0;31m [0m[0;31m`[0m[0;34m~[0m[0;34m.[0m[0maxis[0m[0;34m.[0m[0mAxis[0m[0;31m`[0m[0;34m,[0m[0;34m[0m[0;34m[0m[0m

[0;32m/usr/lib/python3/dist-packages/matplotlib/axes/_axes.py[0m in [0;36mAxes[0;34m()[0m
[1;32m    674[0m [0;34m[0m[0m
[1;32m    675[0m     [0;34m@[0m[0mdocstring[0m[0;34m.[0m[0mdedent_interpd[0m[0;34m[0m[0;34m[0m[0m
[0;32m--> 676[0;31m     [0;32mdef[0m [0maxhline[0m[0;34m([0m[0mself[0m[0;34m,[0m [0my[0m[0;34m=[0m[0;36m0[0m[0;34m,[0m [0mxmin[0m[0;34m=[0m[0;36m0[0m[0;34m,[0m [0mxmax[0m[0;34m=[0m[0;36m1[0m[0;34m,[0m [0;34m**[0m[0mkwargs[0m[0;34m)[0m[0;34m:[0m[0;34m[0m[0;34m[0m[0m
[0m[1;32m    677[0m         """
[1;32m    678[0m         [0mAdd[0m [0ma[0m [0mhorizontal[0m [0mline[0m [0macross[0m [0mthe[0m [0maxis[0m[0;34m.[0m[0;34m[0m[0;34m[0m[0m

[0;32m/usr/lib/python3/dist-packages/matplotlib/docstring.py[0m in [0;36m__call__[0;34m(self, obj)[0m
[1;32m     82[0m [0;34m[0m[0m
[1;32m     83[0m     [0;32mdef[0m [0m__call__[0m[0;34m([0m[0mself[0m[0;34m,[0m [0mobj[0m[0;34m)[0m[0;34m:[0m[0;34m[0m[0;34m[0m[0m
[0;32m---> 84[0;31m         [0msuper[0m[0;34m([0m[0;34m)[0m[0;34m.[0m[0m__call__[0m[0;34m([0m[0mobj[0m[0;34m)[0m[0;34m[0m[0;34m[0m[0m
[0m[1;32m     85[0m         [0;32mif[0m [0misinstance[0m[0;34m([0m[0mobj[0m[0;34m,[0m [0mtype[0m[0;34m)[0m [0;32mand[0m [0mobj[0m[0;34m.[0m[0m__init__[0m [0;34m!=[0m [0mobject[0m[0;34m.[0m[0m__init__[0m[0;34m:[0m[0;34m[0m[0;34m[0m[0m
[1;32m     86[0m             [0mself[0m[0;34m([0m[0mobj[0m[0;34m.[0m[0m__init__[0m[0;34m)[0m[0;34m[0m[0;34m[0m[0m

[0;32m/usr/lib/python3/dist-packages/matplotlib/docstring.py[0m in [0;36m__call__[0;34m(self, func)[0m
[1;32m     36[0m     [0;32mdef[0m [0m__call__[0m[0;34m([0m[0mself[0m[0;34m,[0m [0mfunc[0m[0;34m)[0m[0;34m:[0m[0;34m[0m[0;34m[0m[0m
[1;32m     37[0m         [0;32mif[0m [0mfunc[0m[0;34m.[0m[0m__doc__[0m[0;34m:[0m[0;34m[0m[0;34m[0m[0m
[0;32m---> 38[0;31m             [0mfunc[0m[0;34m.[0m[0m__doc__[0m [0;34m=[0m [0minspect[0m[0;34m.[0m[0mcleandoc[0m[0;34m([0m[0mfunc[0m[0;34m.[0m[0m__doc__[0m[0;34m)[0m [0;34m%[0m [0mself[0m[0;34m.[0m[0mparams[0m[0;34m[0m[0;34m[0m[0m
[0m[1;32m     39[0m         [0;32mreturn[0m [0mfunc[0m[0;34m[0m[0;34m[0m[0m
[1;32m     40[0m [0;34m[0m[0m

[0;32m/usr/lib/python3.10/inspect.py[0m in [0;36mcleandoc[0;34m(doc)[0m
[1;32m    763[0m             [0mlines[0m[0;34m[[0m[0;36m0[0m[0;34m][0m [0;34m=[0m [0mlines[0m[0;34m[[0m[0;36m0[0m[0;34m][0m[0;34m.[0m[0mlstrip[0m[0;34m([0m[0;34m)[0m[0;34m[0m[0;34m[0m[0m
[1;32m    764[0m         [0;32mif[0m [0mmargin[0m [0;34m<[0m [0msys[0m[0;34m.[0m[0mmaxsize[0m[0;34m:[0m[0;34m[0m[0;34m[0m[0m
[0;32m--> 765[0;31m             [0;32mfor[0m [0mi[0m [0;32min[0m [0mrange[0m[0;34m([0m[0;36m1[0m[0;34m,[0m [0mlen[0m[0;34m([0m[0mlines[0m[0;34m)[0m[0;34m)[0m[0;34m:[0m [0mlines[0m[0;34m[[0m[0mi[0m[0;34m][0m [0;34m=[0m [0mlines[0m[0;34m[[0m[0mi[0m[0;34m][0m[0;34m[[0m[0mmargin[0m[0;34m:[0m[0;34m][0m[0;34m[0m[0;34m[0m[0m
[0m[1;32m    766[0m         [0;31m# Remove any trailing or leading blank lines.[0m[0;34m[0m[0;34m[0m[0m
[1;32m    767[0m         [0;32mwhile[0m [0mlines[0m [0;32mand[0m [0;32mnot[0m [0mlines[0m[0;34m[[0m[0;34m-[0m[0;36m1[0m[0;34m][0m[0;34m:[0m[0;34m[0m[0;34m[0m[0m

[0;31mKeyboardInterrupt[0m: 

